  stdafx.cpp
  ZQuadTree.cpp
  loading.cpp
c:\users\di9208\documents\github\wow_2\maptool\d3d_base\loading.cpp(32): warning C4018: '>=': signed 또는 unsigned가 일치하지 않습니다.
  keyManager.cpp
  iMap.cpp
  D3D_base.cpp
  cUnit.cpp
  cUIText.cpp
  cUIObject.cpp
  cUIImage.cpp
  cUIButton.cpp
  cTimeManager.cpp
  cTextureManager.cpp
  cTesting.cpp
  cSkyBox1.cpp
  cSkyBox.cpp
c:\users\di9208\documents\github\wow_2\maptool\d3d_base\cskybox.cpp(141): warning C4018: '<': signed 또는 unsigned가 일치하지 않습니다.
  cSkinnedMeshManager.cpp
  cSkinnedMesh.cpp
c:\users\di9208\documents\github\wow_2\maptool\d3d_base\cskinnedmesh.cpp(249): warning C4018: '<': signed 또는 unsigned가 일치하지 않습니다.
  cShop.cpp
  cSceneManager.cpp
  cRay.cpp
c:\users\di9208\documents\github\wow_2\maptool\d3d_base\cray.cpp(27): warning C4244: '=': 'double'에서 'float'(으)로 변환하면서 데이터가 손실될 수 있습니다.
c:\users\di9208\documents\github\wow_2\maptool\d3d_base\cray.cpp(28): warning C4244: '=': 'double'에서 'float'(으)로 변환하면서 데이터가 손실될 수 있습니다.
  코드를 생성하고 있습니다...
  컴파일하고 있습니다...
  cQuadTree.cpp
  cPlayer.cpp
  cOctree.cpp
  cObjMap.cpp
  cObjLoader.cpp
  cObject.cpp
  cNpc.cpp
  cMtlTex.cpp
  cMapTool_UI.cpp
c:\users\di9208\documents\github\wow_2\maptool\d3d_base\cmaptool_ui.cpp(57): warning C4316: 'cUIButton': 힙에 할당된 개체가 16에 맞추어져 있지 않을 수도 있습니다
c:\users\di9208\documents\github\wow_2\maptool\d3d_base\cmaptool_ui.cpp(66): warning C4316: 'cUIButton': 힙에 할당된 개체가 16에 맞추어져 있지 않을 수도 있습니다
c:\users\di9208\documents\github\wow_2\maptool\d3d_base\cmaptool_ui.cpp(93): warning C4316: 'cUIImage': 힙에 할당된 개체가 16에 맞추어져 있지 않을 수도 있습니다
c:\users\di9208\documents\github\wow_2\maptool\d3d_base\cmaptool_ui.cpp(99): warning C4316: 'cUIButton': 힙에 할당된 개체가 16에 맞추어져 있지 않을 수도 있습니다
c:\users\di9208\documents\github\wow_2\maptool\d3d_base\cmaptool_ui.cpp(106): warning C4316: 'cUIButton': 힙에 할당된 개체가 16에 맞추어져 있지 않을 수도 있습니다
c:\users\di9208\documents\github\wow_2\maptool\d3d_base\cmaptool_ui.cpp(113): warning C4316: 'cUIButton': 힙에 할당된 개체가 16에 맞추어져 있지 않을 수도 있습니다
c:\users\di9208\documents\github\wow_2\maptool\d3d_base\cmaptool_ui.cpp(120): warning C4316: 'cUIButton': 힙에 할당된 개체가 16에 맞추어져 있지 않을 수도 있습니다
c:\users\di9208\documents\github\wow_2\maptool\d3d_base\cmaptool_ui.cpp(127): warning C4316: 'cUIButton': 힙에 할당된 개체가 16에 맞추어져 있지 않을 수도 있습니다
c:\users\di9208\documents\github\wow_2\maptool\d3d_base\cmaptool_ui.cpp(134): warning C4316: 'cUIButton': 힙에 할당된 개체가 16에 맞추어져 있지 않을 수도 있습니다
c:\users\di9208\documents\github\wow_2\maptool\d3d_base\cmaptool_ui.cpp(141): warning C4316: 'cUIButton': 힙에 할당된 개체가 16에 맞추어져 있지 않을 수도 있습니다
c:\users\di9208\documents\github\wow_2\maptool\d3d_base\cmaptool_ui.cpp(148): warning C4316: 'cUIButton': 힙에 할당된 개체가 16에 맞추어져 있지 않을 수도 있습니다
c:\users\di9208\documents\github\wow_2\maptool\d3d_base\cmaptool_ui.cpp(158): warning C4316: 'cUIImage': 힙에 할당된 개체가 16에 맞추어져 있지 않을 수도 있습니다
c:\users\di9208\documents\github\wow_2\maptool\d3d_base\cmaptool_ui.cpp(164): warning C4316: 'cUIButton': 힙에 할당된 개체가 16에 맞추어져 있지 않을 수도 있습니다
c:\users\di9208\documents\github\wow_2\maptool\d3d_base\cmaptool_ui.cpp(171): warning C4316: 'cUIButton': 힙에 할당된 개체가 16에 맞추어져 있지 않을 수도 있습니다
c:\users\di9208\documents\github\wow_2\maptool\d3d_base\cmaptool_ui.cpp(178): warning C4316: 'cUIButton': 힙에 할당된 개체가 16에 맞추어져 있지 않을 수도 있습니다
c:\users\di9208\documents\github\wow_2\maptool\d3d_base\cmaptool_ui.cpp(185): warning C4316: 'cUIButton': 힙에 할당된 개체가 16에 맞추어져 있지 않을 수도 있습니다
c:\users\di9208\documents\github\wow_2\maptool\d3d_base\cmaptool_ui.cpp(192): warning C4316: 'cUIButton': 힙에 할당된 개체가 16에 맞추어져 있지 않을 수도 있습니다
c:\users\di9208\documents\github\wow_2\maptool\d3d_base\cmaptool_ui.cpp(199): warning C4316: 'cUIButton': 힙에 할당된 개체가 16에 맞추어져 있지 않을 수도 있습니다
c:\users\di9208\documents\github\wow_2\maptool\d3d_base\cmaptool_ui.cpp(206): warning C4316: 'cUIButton': 힙에 할당된 개체가 16에 맞추어져 있지 않을 수도 있습니다
c:\users\di9208\documents\github\wow_2\maptool\d3d_base\cmaptool_ui.cpp(213): warning C4316: 'cUIButton': 힙에 할당된 개체가 16에 맞추어져 있지 않을 수도 있습니다
  cMapToolObject.cpp
  cMaptool.cpp
c:\users\di9208\documents\github\wow_2\maptool\d3d_base\cmaptool.cpp(40): warning C4018: '<': signed 또는 unsigned가 일치하지 않습니다.
c:\users\di9208\documents\github\wow_2\maptool\d3d_base\cmaptool.cpp(51): warning C4316: 'cUIButton': 힙에 할당된 개체가 16에 맞추어져 있지 않을 수도 있습니다
c:\users\di9208\documents\github\wow_2\maptool\d3d_base\cmaptool.cpp(112): warning C4018: '<': signed 또는 unsigned가 일치하지 않습니다.
c:\users\di9208\documents\github\wow_2\maptool\d3d_base\cmaptool.cpp(143): warning C4244: '초기화 중': 'float'에서 'int'(으)로 변환하면서 데이터가 손실될 수 있습니다.
c:\users\di9208\documents\github\wow_2\maptool\d3d_base\cmaptool.cpp(144): warning C4244: '초기화 중': 'float'에서 'int'(으)로 변환하면서 데이터가 손실될 수 있습니다.
c:\users\di9208\documents\github\wow_2\maptool\d3d_base\cmaptool.cpp(146): warning C4244: '=': 'float'에서 'int'(으)로 변환하면서 데이터가 손실될 수 있습니다.
c:\users\di9208\documents\github\wow_2\maptool\d3d_base\cmaptool.cpp(148): warning C4244: '=': 'float'에서 'int'(으)로 변환하면서 데이터가 손실될 수 있습니다.
c:\users\di9208\documents\github\wow_2\maptool\d3d_base\cmaptool.cpp(232): warning C4018: '<': signed 또는 unsigned가 일치하지 않습니다.
c:\users\di9208\documents\github\wow_2\maptool\d3d_base\cmaptool.cpp(242): warning C4018: '<': signed 또는 unsigned가 일치하지 않습니다.
c:\users\di9208\documents\github\wow_2\maptool\d3d_base\cmaptool.cpp(296): warning C4018: '<': signed 또는 unsigned가 일치하지 않습니다.
c:\users\di9208\documents\github\wow_2\maptool\d3d_base\cmaptool.cpp(300): warning C4018: '<': signed 또는 unsigned가 일치하지 않습니다.
c:\users\di9208\documents\github\wow_2\maptool\d3d_base\cmaptool.cpp(716): warning C4018: '<': signed 또는 unsigned가 일치하지 않습니다.
c:\users\di9208\documents\github\wow_2\maptool\d3d_base\cmaptool.cpp(726): warning C4018: '<': signed 또는 unsigned가 일치하지 않습니다.
c:\users\di9208\documents\github\wow_2\maptool\d3d_base\cmaptool.cpp(736): warning C4018: '<': signed 또는 unsigned가 일치하지 않습니다.
c:\users\di9208\documents\github\wow_2\maptool\d3d_base\cmaptool.cpp(746): warning C4018: '<': signed 또는 unsigned가 일치하지 않습니다.
c:\users\di9208\documents\github\wow_2\maptool\d3d_base\cmaptool.cpp(756): warning C4018: '<': signed 또는 unsigned가 일치하지 않습니다.
c:\users\di9208\documents\github\wow_2\maptool\d3d_base\cmaptool.cpp(770): warning C4018: '<': signed 또는 unsigned가 일치하지 않습니다.
c:\users\di9208\documents\github\wow_2\maptool\d3d_base\cmaptool.cpp(677): warning C4996: 'fopen': This function or variable may be unsafe. Consider using fopen_s instead. To disable deprecation, use _CRT_SECURE_NO_WARNINGS. See online help for details.
  c:\program files (x86)\windows kits\10\include\10.0.16299.0\ucrt\stdio.h(207): note: 'fopen' 선언을 참조하십시오.
c:\users\di9208\documents\github\wow_2\maptool\d3d_base\cmaptool.cpp(878): warning C4316: 'cMapToolObject': 힙에 할당된 개체가 16에 맞추어져 있지 않을 수도 있습니다
c:\users\di9208\documents\github\wow_2\maptool\d3d_base\cmaptool.cpp(896): warning C4316: 'cMapToolObject': 힙에 할당된 개체가 16에 맞추어져 있지 않을 수도 있습니다
c:\users\di9208\documents\github\wow_2\maptool\d3d_base\cmaptool.cpp(909): warning C4316: 'cMapToolObject': 힙에 할당된 개체가 16에 맞추어져 있지 않을 수도 있습니다
c:\users\di9208\documents\github\wow_2\maptool\d3d_base\cmaptool.cpp(803): warning C4996: 'fopen': This function or variable may be unsafe. Consider using fopen_s instead. To disable deprecation, use _CRT_SECURE_NO_WARNINGS. See online help for details.
  c:\program files (x86)\windows kits\10\include\10.0.16299.0\ucrt\stdio.h(207): note: 'fopen' 선언을 참조하십시오.
c:\users\di9208\documents\github\wow_2\maptool\d3d_base\cmaptool.cpp(806): warning C4996: 'fscanf': This function or variable may be unsafe. Consider using fscanf_s instead. To disable deprecation, use _CRT_SECURE_NO_WARNINGS. See online help for details.
  c:\program files (x86)\windows kits\10\include\10.0.16299.0\ucrt\stdio.h(1195): note: 'fscanf' 선언을 참조하십시오.
c:\users\di9208\documents\github\wow_2\maptool\d3d_base\cmaptool.cpp(810): warning C4996: 'fscanf': This function or variable may be unsafe. Consider using fscanf_s instead. To disable deprecation, use _CRT_SECURE_NO_WARNINGS. See online help for details.
  c:\program files (x86)\windows kits\10\include\10.0.16299.0\ucrt\stdio.h(1195): note: 'fscanf' 선언을 참조하십시오.
c:\users\di9208\documents\github\wow_2\maptool\d3d_base\cmaptool.cpp(814): warning C4996: 'fscanf': This function or variable may be unsafe. Consider using fscanf_s instead. To disable deprecation, use _CRT_SECURE_NO_WARNINGS. See online help for details.
  c:\program files (x86)\windows kits\10\include\10.0.16299.0\ucrt\stdio.h(1195): note: 'fscanf' 선언을 참조하십시오.
c:\users\di9208\documents\github\wow_2\maptool\d3d_base\cmaptool.cpp(818): warning C4996: 'fscanf': This function or variable may be unsafe. Consider using fscanf_s instead. To disable deprecation, use _CRT_SECURE_NO_WARNINGS. See online help for details.
  c:\program files (x86)\windows kits\10\include\10.0.16299.0\ucrt\stdio.h(1195): note: 'fscanf' 선언을 참조하십시오.
c:\users\di9208\documents\github\wow_2\maptool\d3d_base\cmaptool.cpp(823): warning C4996: 'fscanf': This function or variable may be unsafe. Consider using fscanf_s instead. To disable deprecation, use _CRT_SECURE_NO_WARNINGS. See online help for details.
  c:\program files (x86)\windows kits\10\include\10.0.16299.0\ucrt\stdio.h(1195): note: 'fscanf' 선언을 참조하십시오.
c:\users\di9208\documents\github\wow_2\maptool\d3d_base\cmaptool.cpp(826): warning C4996: 'fscanf': This function or variable may be unsafe. Consider using fscanf_s instead. To disable deprecation, use _CRT_SECURE_NO_WARNINGS. See online help for details.
  c:\program files (x86)\windows kits\10\include\10.0.16299.0\ucrt\stdio.h(1195): note: 'fscanf' 선언을 참조하십시오.
c:\users\di9208\documents\github\wow_2\maptool\d3d_base\cmaptool.cpp(829): warning C4996: 'fscanf': This function or variable may be unsafe. Consider using fscanf_s instead. To disable deprecation, use _CRT_SECURE_NO_WARNINGS. See online help for details.
  c:\program files (x86)\windows kits\10\include\10.0.16299.0\ucrt\stdio.h(1195): note: 'fscanf' 선언을 참조하십시오.
c:\users\di9208\documents\github\wow_2\maptool\d3d_base\cmaptool.cpp(832): warning C4996: 'fscanf': This function or variable may be unsafe. Consider using fscanf_s instead. To disable deprecation, use _CRT_SECURE_NO_WARNINGS. See online help for details.
  c:\program files (x86)\windows kits\10\include\10.0.16299.0\ucrt\stdio.h(1195): note: 'fscanf' 선언을 참조하십시오.
c:\users\di9208\documents\github\wow_2\maptool\d3d_base\cmaptool.cpp(835): warning C4996: 'fscanf': This function or variable may be unsafe. Consider using fscanf_s instead. To disable deprecation, use _CRT_SECURE_NO_WARNINGS. See online help for details.
  c:\program files (x86)\windows kits\10\include\10.0.16299.0\ucrt\stdio.h(1195): note: 'fscanf' 선언을 참조하십시오.
c:\users\di9208\documents\github\wow_2\maptool\d3d_base\cmaptool.cpp(838): warning C4996: 'fscanf': This function or variable may be unsafe. Consider using fscanf_s instead. To disable deprecation, use _CRT_SECURE_NO_WARNINGS. See online help for details.
  c:\program files (x86)\windows kits\10\include\10.0.16299.0\ucrt\stdio.h(1195): note: 'fscanf' 선언을 참조하십시오.
c:\users\di9208\documents\github\wow_2\maptool\d3d_base\cmaptool.cpp(841): warning C4996: 'fscanf': This function or variable may be unsafe. Consider using fscanf_s instead. To disable deprecation, use _CRT_SECURE_NO_WARNINGS. See online help for details.
  c:\program files (x86)\windows kits\10\include\10.0.16299.0\ucrt\stdio.h(1195): note: 'fscanf' 선언을 참조하십시오.
c:\users\di9208\documents\github\wow_2\maptool\d3d_base\cmaptool.cpp(850): warning C4996: 'fscanf': This function or variable may be unsafe. Consider using fscanf_s instead. To disable deprecation, use _CRT_SECURE_NO_WARNINGS. See online help for details.
  c:\program files (x86)\windows kits\10\include\10.0.16299.0\ucrt\stdio.h(1195): note: 'fscanf' 선언을 참조하십시오.
c:\users\di9208\documents\github\wow_2\maptool\d3d_base\cmaptool.cpp(853): warning C4996: 'fscanf': This function or variable may be unsafe. Consider using fscanf_s instead. To disable deprecation, use _CRT_SECURE_NO_WARNINGS. See online help for details.
  c:\program files (x86)\windows kits\10\include\10.0.16299.0\ucrt\stdio.h(1195): note: 'fscanf' 선언을 참조하십시오.
c:\users\di9208\documents\github\wow_2\maptool\d3d_base\cmaptool.cpp(855): warning C4996: 'fscanf': This function or variable may be unsafe. Consider using fscanf_s instead. To disable deprecation, use _CRT_SECURE_NO_WARNINGS. See online help for details.
  c:\program files (x86)\windows kits\10\include\10.0.16299.0\ucrt\stdio.h(1195): note: 'fscanf' 선언을 참조하십시오.
c:\users\di9208\documents\github\wow_2\maptool\d3d_base\cmaptool.cpp(858): warning C4996: 'fscanf': This function or variable may be unsafe. Consider using fscanf_s instead. To disable deprecation, use _CRT_SECURE_NO_WARNINGS. See online help for details.
  c:\program files (x86)\windows kits\10\include\10.0.16299.0\ucrt\stdio.h(1195): note: 'fscanf' 선언을 참조하십시오.
c:\users\di9208\documents\github\wow_2\maptool\d3d_base\cmaptool.cpp(860): warning C4996: 'fscanf': This function or variable may be unsafe. Consider using fscanf_s instead. To disable deprecation, use _CRT_SECURE_NO_WARNINGS. See online help for details.
  c:\program files (x86)\windows kits\10\include\10.0.16299.0\ucrt\stdio.h(1195): note: 'fscanf' 선언을 참조하십시오.
c:\users\di9208\documents\github\wow_2\maptool\d3d_base\cmaptool.cpp(867): warning C4996: 'fscanf': This function or variable may be unsafe. Consider using fscanf_s instead. To disable deprecation, use _CRT_SECURE_NO_WARNINGS. See online help for details.
  c:\program files (x86)\windows kits\10\include\10.0.16299.0\ucrt\stdio.h(1195): note: 'fscanf' 선언을 참조하십시오.
c:\users\di9208\documents\github\wow_2\maptool\d3d_base\cmaptool.cpp(871): warning C4996: 'fscanf': This function or variable may be unsafe. Consider using fscanf_s instead. To disable deprecation, use _CRT_SECURE_NO_WARNINGS. See online help for details.
  c:\program files (x86)\windows kits\10\include\10.0.16299.0\ucrt\stdio.h(1195): note: 'fscanf' 선언을 참조하십시오.
c:\users\di9208\documents\github\wow_2\maptool\d3d_base\cmaptool.cpp(881): warning C4996: 'fscanf': This function or variable may be unsafe. Consider using fscanf_s instead. To disable deprecation, use _CRT_SECURE_NO_WARNINGS. See online help for details.
  c:\program files (x86)\windows kits\10\include\10.0.16299.0\ucrt\stdio.h(1195): note: 'fscanf' 선언을 참조하십시오.
c:\users\di9208\documents\github\wow_2\maptool\d3d_base\cmaptool.cpp(1019): warning C4316: 'cMapToolObject': 힙에 할당된 개체가 16에 맞추어져 있지 않을 수도 있습니다
c:\users\di9208\documents\github\wow_2\maptool\d3d_base\cmaptool.cpp(1021): warning C4996: 'itoa': The POSIX name for this item is deprecated. Instead, use the ISO C and C++ conformant name: _itoa. See online help for details.
  c:\program files (x86)\windows kits\10\include\10.0.16299.0\ucrt\stdlib.h(1334): note: 'itoa' 선언을 참조하십시오.
c:\users\di9208\documents\github\wow_2\maptool\d3d_base\cmaptool.cpp(1046): warning C4316: 'cMapToolObject': 힙에 할당된 개체가 16에 맞추어져 있지 않을 수도 있습니다
c:\users\di9208\documents\github\wow_2\maptool\d3d_base\cmaptool.cpp(1063): warning C4316: 'cMapToolObject': 힙에 할당된 개체가 16에 맞추어져 있지 않을 수도 있습니다
c:\users\di9208\documents\github\wow_2\maptool\d3d_base\cmaptool.cpp(1092): warning C4316: 'cMapToolObject': 힙에 할당된 개체가 16에 맞추어져 있지 않을 수도 있습니다
c:\users\di9208\documents\github\wow_2\maptool\d3d_base\cmaptool.cpp(1126): warning C4316: 'cMapToolObject': 힙에 할당된 개체가 16에 맞추어져 있지 않을 수도 있습니다
c:\users\di9208\documents\github\wow_2\maptool\d3d_base\cmaptool.cpp(1140): warning C4305: '=': 'double'에서 'float'(으)로 잘립니다.
c:\users\di9208\documents\github\wow_2\maptool\d3d_base\cmaptool.cpp(1154): warning C4316: 'cMapToolObject': 힙에 할당된 개체가 16에 맞추어져 있지 않을 수도 있습니다
c:\users\di9208\documents\github\wow_2\maptool\d3d_base\cmaptool.cpp(1186): warning C4316: 'cMapToolObject': 힙에 할당된 개체가 16에 맞추어져 있지 않을 수도 있습니다
c:\users\di9208\documents\github\wow_2\maptool\d3d_base\cmaptool.cpp(1200): warning C4305: '=': 'double'에서 'float'(으)로 잘립니다.
c:\users\di9208\documents\github\wow_2\maptool\d3d_base\cmaptool.cpp(1214): warning C4316: 'cMapToolObject': 힙에 할당된 개체가 16에 맞추어져 있지 않을 수도 있습니다
c:\users\di9208\documents\github\wow_2\maptool\d3d_base\cmaptool.cpp(1096): warning C4996: 'itoa': The POSIX name for this item is deprecated. Instead, use the ISO C and C++ conformant name: _itoa. See online help for details.
  c:\program files (x86)\windows kits\10\include\10.0.16299.0\ucrt\stdlib.h(1334): note: 'itoa' 선언을 참조하십시오.
c:\users\di9208\documents\github\wow_2\maptool\d3d_base\cmaptool.cpp(1130): warning C4996: 'itoa': The POSIX name for this item is deprecated. Instead, use the ISO C and C++ conformant name: _itoa. See online help for details.
  c:\program files (x86)\windows kits\10\include\10.0.16299.0\ucrt\stdlib.h(1334): note: 'itoa' 선언을 참조하십시오.
c:\users\di9208\documents\github\wow_2\maptool\d3d_base\cmaptool.cpp(1190): warning C4996: 'itoa': The POSIX name for this item is deprecated. Instead, use the ISO C and C++ conformant name: _itoa. See online help for details.
  c:\program files (x86)\windows kits\10\include\10.0.16299.0\ucrt\stdlib.h(1334): note: 'itoa' 선언을 참조하십시오.
c:\users\di9208\documents\github\wow_2\maptool\d3d_base\cmaptool.cpp(1157): warning C4101: 'st' :참조되지 않은 지역 변수입니다.
c:\users\di9208\documents\github\wow_2\maptool\d3d_base\cmaptool.cpp(1216): warning C4101: 'st' :참조되지 않은 지역 변수입니다.
c:\users\di9208\documents\github\wow_2\maptool\d3d_base\cmaptool.cpp(1318): warning C4018: '<': signed 또는 unsigned가 일치하지 않습니다.
c:\users\di9208\documents\github\wow_2\maptool\d3d_base\cmaptool.cpp(1338): warning C4018: '<': signed 또는 unsigned가 일치하지 않습니다.
c:\users\di9208\documents\github\wow_2\maptool\d3d_base\cmaptool.cpp(1360): warning C4018: '<': signed 또는 unsigned가 일치하지 않습니다.
c:\users\di9208\documents\github\wow_2\maptool\d3d_base\cmaptool.cpp(1371): warning C4018: '<': signed 또는 unsigned가 일치하지 않습니다.
c:\users\di9208\documents\github\wow_2\maptool\d3d_base\cmaptool.cpp(1391): warning C4018: '<': signed 또는 unsigned가 일치하지 않습니다.
c:\users\di9208\documents\github\wow_2\maptool\d3d_base\cmaptool.cpp(1413): warning C4018: '<': signed 또는 unsigned가 일치하지 않습니다.
  cMap.cpp
  cMainLoading.cpp
c:\users\di9208\documents\github\wow_2\maptool\d3d_base\cmainloading.cpp(23): warning C4316: 'cUIImage': 힙에 할당된 개체가 16에 맞추어져 있지 않을 수도 있습니다
c:\users\di9208\documents\github\wow_2\maptool\d3d_base\cmainloading.cpp(28): warning C4316: 'cUIImage': 힙에 할당된 개체가 16에 맞추어져 있지 않을 수도 있습니다
c:\users\di9208\documents\github\wow_2\maptool\d3d_base\cmainloading.cpp(33): warning C4316: 'cUIImage': 힙에 할당된 개체가 16에 맞추어져 있지 않을 수도 있습니다
  cMainGame.cpp
  cHeightMap.cpp
c:\users\di9208\documents\github\wow_2\maptool\d3d_base\cheightmap.cpp(41): warning C4244: '인수': 'int'에서 'FLOAT'(으)로 변환하면서 데이터가 손실될 수 있습니다.
c:\users\di9208\documents\github\wow_2\maptool\d3d_base\cheightmap.cpp(40): warning C4244: '인수': 'int'에서 'FLOAT'(으)로 변환하면서 데이터가 손실될 수 있습니다.
c:\users\di9208\documents\github\wow_2\maptool\d3d_base\cheightmap.cpp(145): warning C4244: '초기화 중': 'float'에서 'int'(으)로 변환하면서 데이터가 손실될 수 있습니다.
c:\users\di9208\documents\github\wow_2\maptool\d3d_base\cheightmap.cpp(146): warning C4244: '초기화 중': 'float'에서 'int'(으)로 변환하면서 데이터가 손실될 수 있습니다.
  cGroup.cpp
  cGrid.cpp
  cGameObject.cpp
  cGameManager.cpp
  cFrustum.cpp
  코드를 생성하고 있습니다...
c:\users\di9208\documents\github\wow_2\maptool\d3d_base\cquadtree.cpp(533): warning C4715: 'cQuadTree::SetChild': 모든 제어 경로에서 값을 반환하지는 않습니다.
  컴파일하고 있습니다...
  cFontManager.cpp
  cEnemyManager.cpp
  cDeviceManager.cpp
  cCubePTN.cpp
  cCubeNode.cpp
  cCube.cpp
  cCharacter.cpp
  cCamera.cpp
  cAseNode.cpp
  cAseLoader.cpp
c:\users\di9208\documents\github\wow_2\maptool\d3d_base\caseloader.cpp(184): warning C4316: 'cAseNode': 힙에 할당된 개체가 16에 맞추어져 있지 않을 수도 있습니다
  cAllocateHierarchy.cpp
c:\users\di9208\documents\github\wow_2\maptool\d3d_base\callocatehierarchy.cpp(18): warning C4316: 'ST_BONE': 힙에 할당된 개체가 16에 맞추어져 있지 않을 수도 있습니다
  cActionSeq.cpp
  cActionRepeat.cpp
  cActionLinear.cpp
  cActionBezier.cpp
  cAction.cpp
  코드를 생성하고 있습니다...
  D3D_base.vcxproj -> C:\Users\di9208\Documents\GitHub\wow_2\wowSGA\Debug\MapTool.exe
